d:\uygulama_c\server-clıent\server\clıent\debug\vc142.pdb
d:\uygulama_c\server-clıent\server\clıent\debug\vc142.ıdb
d:\uygulama_c\server-clıent\server\clıent\debug\source.natıvecodeanalysıs.sarıf
d:\uygulama_c\server-clıent\server\clıent\debug\source.natıvecodeanalysıs.xml
d:\uygulama_c\server-clıent\server\clıent\debug\clıent.natıvecodeanalysıs.sarıf
d:\uygulama_c\server-clıent\server\clıent\debug\clıent.natıvecodeanalysıs.xml
d:\uygulama_c\server-clıent\server\clıent\debug\clıent.obj
d:\uygulama_c\server-clıent\server\clıent\debug\source.obj
d:\uygulama_c\server-clıent\server\debug\clıent.ılk
d:\uygulama_c\server-clıent\server\debug\clıent.exe
d:\uygulama_c\server-clıent\server\debug\clıent.pdb
d:\uygulama_c\server-client\server\client\debug\client.obj
d:\uygulama_c\server-client\server\client\debug\source.obj
d:\uygulama_c\server-client\server\client\debug\vc142.idb
d:\uygulama_c\server-client\server\client\debug\vc142.pdb
d:\uygulama_c\server-client\server\client\debug\client.nativecodeanalysis.xml
d:\uygulama_c\server-client\server\client\debug\source.nativecodeanalysis.xml
d:\uygulama_c\server-client\server\client\debug\vc.nativecodeanalysis.all.xml
d:\uygulama_c\server-client\server\debug\client.pdb
d:\uygulama_c\server-client\server\debug\client.exe
d:\uygulama_c\server-client\server\debug\client.ilk
d:\uygulama_c\server-client\server\client\debug\client.tlog\cl.command.1.tlog
d:\uygulama_c\server-client\server\client\debug\client.tlog\cl.read.1.tlog
d:\uygulama_c\server-client\server\client\debug\client.tlog\cl.write.1.tlog
d:\uygulama_c\server-client\server\client\debug\client.tlog\link.command.1.tlog
d:\uygulama_c\server-client\server\client\debug\client.tlog\link.read.1.tlog
d:\uygulama_c\server-client\server\client\debug\client.tlog\link.write.1.tlog
