d:\uygulama_c\server-clıent\server\server\debug\vc142.pdb
d:\uygulama_c\server-clıent\server\server\debug\vc142.ıdb
d:\uygulama_c\server-clıent\server\server\debug\server.obj
d:\uygulama_c\server-clıent\server\debug\server.exe
d:\uygulama_c\server-clıent\server\debug\server.ılk
d:\uygulama_c\server-clıent\server\debug\server.pdb
d:\uygulama_c\server-client\server\server\debug\server.obj
d:\uygulama_c\server-client\server\server\debug\vc142.idb
d:\uygulama_c\server-client\server\server\debug\vc142.pdb
d:\uygulama_c\server-client\server\server\debug\server.nativecodeanalysis.xml
d:\uygulama_c\server-client\server\server\debug\vc.nativecodeanalysis.all.xml
d:\uygulama_c\server-client\server\debug\server.pdb
d:\uygulama_c\server-client\server\debug\server.exe
d:\uygulama_c\server-client\server\debug\server.ilk
d:\uygulama_c\server-client\server\server\debug\server.tlog\cl.command.1.tlog
d:\uygulama_c\server-client\server\server\debug\server.tlog\cl.read.1.tlog
d:\uygulama_c\server-client\server\server\debug\server.tlog\cl.write.1.tlog
d:\uygulama_c\server-client\server\server\debug\server.tlog\link.command.1.tlog
d:\uygulama_c\server-client\server\server\debug\server.tlog\link.read.1.tlog
d:\uygulama_c\server-client\server\server\debug\server.tlog\link.write.1.tlog
